  Session.cpp
c:\users\joseph\desktop\audiostream1217_1\audioclient\session.cpp(92): warning C4996: 'scanf': This function or variable may be unsafe. Consider using scanf_s instead. To disable deprecation, use _CRT_SECURE_NO_WARNINGS. See online help for details.
          c:\program files (x86)\microsoft visual studio 12.0\vc\include\stdio.h(283) : see declaration of 'scanf'
c:\users\joseph\desktop\audiostream1217_1\audioclient\session.cpp(143): warning C4996: 'scanf': This function or variable may be unsafe. Consider using scanf_s instead. To disable deprecation, use _CRT_SECURE_NO_WARNINGS. See online help for details.
          c:\program files (x86)\microsoft visual studio 12.0\vc\include\stdio.h(283) : see declaration of 'scanf'
  DataQueue.cpp
  AudioClient.cpp
c:\users\joseph\desktop\audiostream1217_1\audioclient\audioclient.cpp(16): warning C4996: 'scanf': This function or variable may be unsafe. Consider using scanf_s instead. To disable deprecation, use _CRT_SECURE_NO_WARNINGS. See online help for details.
          c:\program files (x86)\microsoft visual studio 12.0\vc\include\stdio.h(283) : see declaration of 'scanf'
c:\users\joseph\desktop\audiostream1217_1\audioclient\audioclient.cpp(23): warning C4996: 'scanf': This function or variable may be unsafe. Consider using scanf_s instead. To disable deprecation, use _CRT_SECURE_NO_WARNINGS. See online help for details.
          c:\program files (x86)\microsoft visual studio 12.0\vc\include\stdio.h(283) : see declaration of 'scanf'
c:\users\joseph\desktop\audiostream1217_1\audioclient\audioclient.cpp(27): warning C4996: 'scanf': This function or variable may be unsafe. Consider using scanf_s instead. To disable deprecation, use _CRT_SECURE_NO_WARNINGS. See online help for details.
          c:\program files (x86)\microsoft visual studio 12.0\vc\include\stdio.h(283) : see declaration of 'scanf'
c:\users\joseph\desktop\audiostream1217_1\audioclient\audioclient.cpp(67): warning C4996: 'inet_addr': Use inet_pton() or InetPton() instead or define _WINSOCK_DEPRECATED_NO_WARNINGS to disable deprecated API warnings
          c:\program files (x86)\windows kits\8.1\include\um\winsock2.h(1850) : see declaration of 'inet_addr'
  Audio.cpp
c:\users\joseph\desktop\audiostream1217_1\audioclient\audio.cpp(95): warning C4018: '<' : signed/unsigned mismatch
c:\users\joseph\desktop\audiostream1217_1\audioclient\audio.cpp(97): warning C4018: '<' : signed/unsigned mismatch
  Generating Code...
  AudioClient.vcxproj -> C:\Users\Joseph\Desktop\AudioStream1217_1\Debug\AudioClient.exe
